<?xml version="1.0" encoding="UTF-8"?>
<!-- Generated by org.testng.reporters.JUnitReportReporter -->
<testsuite hostname="ushofml311226" name="com.cucumber.testng.api.ExecuteApiTest" tests="1" failures="0" timestamp="16 Jun 2017 01:01:41 GMT" time="9.575" errors="0">
  <testcase name="feature" time="9.575" classname="com.cucumber.testng.api.ExecuteApiTest"/>
</testsuite> <!-- com.cucumber.testng.api.ExecuteApiTest -->
