<?xml version="1.0" encoding="UTF-8"?>
<!-- Generated by org.testng.reporters.JUnitReportReporter -->
<testsuite hostname="ushofml311226" name="com.cucumber.testng.examples.ExecuteFeature" tests="1" failures="0" timestamp="14 Jun 2017 21:47:00 GMT" time="27.081" errors="0">
  <testcase name="feature" time="27.081" classname="com.cucumber.testng.examples.ExecuteFeature"/>
</testsuite> <!-- com.cucumber.testng.examples.ExecuteFeature -->
