<?xml version="1.0" encoding="UTF-8"?>
<!-- Generated by org.testng.reporters.JUnitReportReporter -->
<testsuite hostname="ushofml311226" name="com.cucumber.testng.cucumber.ExecuteTest" tests="1" failures="0" timestamp="15 Jun 2017 00:47:20 GMT" time="29.123" errors="0">
  <testcase name="feature" time="29.123" classname="com.cucumber.testng.cucumber.ExecuteTest"/>
</testsuite> <!-- com.cucumber.testng.cucumber.ExecuteTest -->
