<?xml version="1.0" encoding="UTF-8"?>
<!-- Generated by org.testng.reporters.JUnitReportReporter -->
<testsuite hostname="ushofml311226" name="com.cucumber.testng.api.GoogleMapsApiTest" tests="1" failures="0" timestamp="16 Jun 2017 00:39:16 GMT" time="4.137" errors="0">
  <testcase name="getTravelInfo" time="4.137" classname="com.cucumber.testng.api.GoogleMapsApiTest"/>
</testsuite> <!-- com.cucumber.testng.api.GoogleMapsApiTest -->
