<?xml version="1.0" encoding="UTF-8"?>
<!-- Generated by org.testng.reporters.JUnitReportReporter -->
<testsuite hostname="ushofml311226" name="com.cucumber.testng.ui.ExecuteTest" tests="1" failures="0" timestamp="15 Jun 2017 03:14:41 GMT" time="25.223" errors="0">
  <testcase name="feature" time="25.223" classname="com.cucumber.testng.ui.ExecuteTest"/>
</testsuite> <!-- com.cucumber.testng.ui.ExecuteTest -->
