<?xml version="1.0" encoding="UTF-8"?>
<!-- Generated by org.testng.reporters.JUnitReportReporter -->
<testsuite hostname="ushofml311226" name="com.cucumber.testng.ui.ExecuteUiTest" tests="1" failures="0" timestamp="15 Jun 2017 05:30:24 GMT" time="23.832" errors="0">
  <testcase name="feature" time="23.832" classname="com.cucumber.testng.ui.ExecuteUiTest"/>
</testsuite> <!-- com.cucumber.testng.ui.ExecuteUiTest -->
