<?xml version="1.0" encoding="UTF-8"?>
<!-- Generated by org.testng.reporters.JUnitReportReporter -->
<testsuite hostname="ushofml311226" name="com.cucumber.testng.cucumber.ExecuteFeature" tests="1" failures="0" timestamp="15 Jun 2017 00:45:55 GMT" time="34.719" errors="0">
  <testcase name="feature" time="34.719" classname="com.cucumber.testng.cucumber.ExecuteFeature"/>
</testsuite> <!-- com.cucumber.testng.cucumber.ExecuteFeature -->
