<?xml version="1.0" encoding="UTF-8"?>
<!-- Generated by org.testng.reporters.JUnitReportReporter -->
<testsuite hostname="ushofml311226" name="com.cucumber.testng.utility.ExecuteTest" tests="1" failures="0" timestamp="15 Jun 2017 06:23:43 GMT" time="34.741" errors="0">
  <testcase name="feature" time="34.741" classname="com.cucumber.testng.utility.ExecuteTest"/>
</testsuite> <!-- com.cucumber.testng.utility.ExecuteTest -->
