<?xml version="1.0" encoding="UTF-8"?>
<!-- Generated by org.testng.reporters.JUnitReportReporter -->
<testsuite hostname="ushofml311226" name="com.cucumber.testng.examples.RunCukesByFeatureAndCompositionTest2" tests="1" failures="0" timestamp="14 Jun 2017 02:25:09 GMT" time="8.279" errors="0">
  <testcase name="feature" time="8.279" classname="com.cucumber.testng.examples.RunCukesByFeatureAndCompositionTest2"/>
</testsuite> <!-- com.cucumber.testng.examples.RunCukesByFeatureAndCompositionTest2 -->
