<?xml version="1.0" encoding="UTF-8"?>
<!-- Generated by org.testng.reporters.JUnitReportReporter -->
<testsuite hostname="ushofml311226" name="com.cucumber.testng.combination.ExecuteTest" tests="1" failures="0" timestamp="16 Jun 2017 02:26:53 GMT" time="33.410" errors="0">
  <testcase name="feature" time="33.410" classname="com.cucumber.testng.combination.ExecuteTest"/>
</testsuite> <!-- com.cucumber.testng.combination.ExecuteTest -->
