<?xml version="1.0" encoding="UTF-8"?>
<!-- Generated by org.testng.reporters.JUnitReportReporter -->
<testsuite hostname="ushofml311226" name="com.restassured.testng.examples.GoogleMapsApiTest" tests="1" failures="0" timestamp="15 Jun 2017 00:25:10 GMT" time="4.090" errors="0">
  <testcase name="getTravelInfo2" time="4.090" classname="com.restassured.testng.examples.GoogleMapsApiTest"/>
</testsuite> <!-- com.restassured.testng.examples.GoogleMapsApiTest -->
