<?xml version="1.0" encoding="UTF-8"?>
<!-- Generated by org.testng.reporters.JUnitReportReporter -->
<testsuite hostname="ushofml311226" name="com.cucumber.testng.examples.RunCukesByFeatureAndCompositionTest1" tests="1" failures="0" timestamp="14 Jun 2017 21:36:56 GMT" time="29.039" errors="0">
  <testcase name="feature" time="29.039" classname="com.cucumber.testng.examples.RunCukesByFeatureAndCompositionTest1"/>
</testsuite> <!-- com.cucumber.testng.examples.RunCukesByFeatureAndCompositionTest1 -->
